[debug] [2022-11-10T17:51:36.081Z] ----------------------------------------------------------------------
[debug] [2022-11-10T17:51:36.083Z] Command:       C:\Program Files\nodejs\node.exe C:\Users\user\AppData\Roaming\npm\node_modules\firebase-tools\lib\bin\firebase.js init
[debug] [2022-11-10T17:51:36.084Z] CLI Version:   11.16.0
[debug] [2022-11-10T17:51:36.084Z] Platform:      win32
[debug] [2022-11-10T17:51:36.084Z] Node Version:  v18.12.1
[debug] [2022-11-10T17:51:36.086Z] Time:          Thu Nov 10 2022 18:51:36 GMT+0100 (West Africa Standard Time)
[debug] [2022-11-10T17:51:36.086Z] ----------------------------------------------------------------------
[debug] 
[debug] [2022-11-10T17:51:36.094Z] > command requires scopes: ["email","openid","https://www.googleapis.com/auth/cloudplatformprojects.readonly","https://www.googleapis.com/auth/firebase","https://www.googleapis.com/auth/cloud-platform"]
[debug] [2022-11-10T17:51:36.095Z] > authorizing via signed-in user (onaivio220@gmail.com)
[info] 
     ######## #### ########  ######## ########     ###     ######  ########
     ##        ##  ##     ## ##       ##     ##  ##   ##  ##       ##
     ######    ##  ########  ######   ########  #########  ######  ######
     ##        ##  ##    ##  ##       ##     ## ##     ##       ## ##
     ##       #### ##     ## ######## ########  ##     ##  ######  ########

You're about to initialize a Firebase project in this directory:

  C:\Users\user\Documents\Fire-Login

[info] 
=== Project Setup
[info] 
[info] First, let's associate this project directory with a Firebase project.
[info] You can create multiple project aliases by running firebase use --add, 
[info] but for now we'll just set up a default project.
[info] 
[debug] [2022-11-10T17:52:21.243Z] >>> [apiv2][query] GET https://firebase.googleapis.com/v1beta1/projects pageSize=100
[debug] [2022-11-10T17:52:22.894Z] <<< [apiv2][status] GET https://firebase.googleapis.com/v1beta1/projects 200
[debug] [2022-11-10T17:52:22.894Z] <<< [apiv2][body] GET https://firebase.googleapis.com/v1beta1/projects [omitted]
